<?xml version="1.0" encoding="UTF-8" ?>
<testsuite tests="1" failures="0" name="com.niit.CollaborationBackEnd.test.UserDaoTest" time="0.218" errors="1" skipped="0">
  <properties>
[...]
</properties>
  <testcase classname="com.niit.CollaborationBackEnd.test.UserDaoTest" name="addUser" time="0.218">
    <error message="could not execute statement; SQL [n/a]; constraint [SOCIAL.SYS_C007113]; nested exception is org.hibernate.exception.ConstraintViolationException: could not execute statement" type="org.springframework.dao.DataIntegrityViolationException">org.springframework.dao.DataIntegrityViolationException: could not execute statement; SQL [n/a]; constraint [SOCIAL.SYS_C007113]; nested exception is org.hibernate.exception.ConstraintViolationException: could not execute statement
	at org.springframework.orm.hibernate4.SessionFactoryUtils.convertHibernateAccessException(SessionFactoryUtils.java:163)
	at org.springframework.orm.hibernate4.HibernateTransactionManager.convertHibernateAccessException(HibernateTransactionManager.java:730)
	at org.springframework.orm.hibernate4.HibernateTransactionManager.doCommit(HibernateTransactionManager.java:592)
	at org.springframework.transaction.support.AbstractPlatformTransactionManager.processCommit(AbstractPlatformTransactionManager.java:761)
	at org.springframework.transaction.support.AbstractPlatformTransactionManager.commit(AbstractPlatformTransactionManager.java:730)
	at org.springframework.transaction.interceptor.TransactionAspectSupport.commitTransactionAfterReturning(TransactionAspectSupport.java:504)
	at org.springframework.transaction.interceptor.TransactionAspectSupport.invokeWithinTransaction(TransactionAspectSupport.java:292)
	at org.springframework.transaction.interceptor.TransactionInterceptor.invoke(TransactionInterceptor.java:96)
	at org.springframework.aop.framework.ReflectiveMethodInvocation.proceed(ReflectiveMethodInvocation.java:179)
	at org.springframework.aop.framework.JdkDynamicAopProxy.invoke(JdkDynamicAopProxy.java:213)
	at com.sun.proxy.$Proxy31.addUser(Unknown Source)
	at com.niit.CollaborationBackEnd.test.UserDaoTest.addUser(UserDaoTest.java:35)
	at sun.reflect.NativeMethodAccessorImpl.invoke0(Native Method)
	at sun.reflect.NativeMethodAccessorImpl.invoke(NativeMethodAccessorImpl.java:62)
	at sun.reflect.DelegatingMethodAccessorImpl.invoke(DelegatingMethodAccessorImpl.java:43)
	at java.lang.reflect.Method.invoke(Method.java:498)
	at org.junit.runners.model.FrameworkMethod$1.runReflectiveCall(FrameworkMethod.java:44)
	at org.junit.internal.runners.model.ReflectiveCallable.run(ReflectiveCallable.java:15)
	at org.junit.runners.model.FrameworkMethod.invokeExplosively(FrameworkMethod.java:41)
	at org.junit.internal.runners.statements.InvokeMethod.evaluate(InvokeMethod.java:20)
	at org.junit.runners.BlockJUnit4ClassRunner.runChild(BlockJUnit4ClassRunner.java:76)
	at org.junit.runners.BlockJUnit4ClassRunner.runChild(BlockJUnit4ClassRunner.java:50)
	at org.junit.runners.ParentRunner$3.run(ParentRunner.java:193)
	at org.junit.runners.ParentRunner$1.schedule(ParentRunner.java:52)
	at org.junit.runners.ParentRunner.runChildren(ParentRunner.java:191)
	at org.junit.runners.ParentRunner.access$000(ParentRunner.java:42)
	at org.junit.runners.ParentRunner$2.evaluate(ParentRunner.java:184)
	at org.junit.internal.runners.statements.RunBefores.evaluate(RunBefores.java:28)
	at org.junit.runners.ParentRunner.run(ParentRunner.java:236)
	at org.apache.maven.surefire.junit4.JUnit4Provider.execute(JUnit4Provider.java:252)
	at org.apache.maven.surefire.junit4.JUnit4Provider.executeTestSet(JUnit4Provider.java:141)
	at org.apache.maven.surefire.junit4.JUnit4Provider.invoke(JUnit4Provider.java:112)
	at sun.reflect.NativeMethodAccessorImpl.invoke0(Native Method)
	at sun.reflect.NativeMethodAccessorImpl.invoke(NativeMethodAccessorImpl.java:62)
	at sun.reflect.DelegatingMethodAccessorImpl.invoke(DelegatingMethodAccessorImpl.java:43)
	at java.lang.reflect.Method.invoke(Method.java:498)
	at org.apache.maven.surefire.util.ReflectionUtils.invokeMethodWithArray(ReflectionUtils.java:189)
	at org.apache.maven.surefire.booter.ProviderFactory$ProviderProxy.invoke(ProviderFactory.java:165)
	at org.apache.maven.surefire.booter.ProviderFactory.invokeProvider(ProviderFactory.java:85)
	at org.apache.maven.surefire.booter.ForkedBooter.runSuitesInProcess(ForkedBooter.java:115)
	at org.apache.maven.surefire.booter.ForkedBooter.main(ForkedBooter.java:75)
Caused by: org.hibernate.exception.ConstraintViolationException: could not execute statement
	at org.hibernate.exception.internal.SQLExceptionTypeDelegate.convert(SQLExceptionTypeDelegate.java:72)
	at org.hibernate.exception.internal.StandardSQLExceptionConverter.convert(StandardSQLExceptionConverter.java:49)
	at org.hibernate.engine.jdbc.spi.SqlExceptionHelper.convert(SqlExceptionHelper.java:126)
	at org.hibernate.engine.jdbc.spi.SqlExceptionHelper.convert(SqlExceptionHelper.java:112)
	at org.hibernate.engine.jdbc.internal.ResultSetReturnImpl.executeUpdate(ResultSetReturnImpl.java:211)
	at org.hibernate.engine.jdbc.batch.internal.NonBatchingBatch.addToBatch(NonBatchingBatch.java:62)
	at org.hibernate.persister.entity.AbstractEntityPersister.insert(AbstractEntityPersister.java:3124)
	at org.hibernate.persister.entity.AbstractEntityPersister.insert(AbstractEntityPersister.java:3581)
	at org.hibernate.action.internal.EntityInsertAction.execute(EntityInsertAction.java:104)
	at org.hibernate.engine.spi.ActionQueue.executeActions(ActionQueue.java:465)
	at org.hibernate.engine.spi.ActionQueue.executeActions(ActionQueue.java:351)
	at org.hibernate.event.internal.AbstractFlushingEventListener.performExecutions(AbstractFlushingEventListener.java:350)
	at org.hibernate.event.internal.DefaultFlushEventListener.onFlush(DefaultFlushEventListener.java:56)
	at org.hibernate.internal.SessionImpl.flush(SessionImpl.java:1258)
	at org.hibernate.internal.SessionImpl.managedFlush(SessionImpl.java:425)
	at org.hibernate.engine.transaction.internal.jdbc.JdbcTransaction.beforeTransactionCommit(JdbcTransaction.java:101)
	at org.hibernate.engine.transaction.spi.AbstractTransactionImpl.commit(AbstractTransactionImpl.java:177)
	at org.springframework.orm.hibernate4.HibernateTransactionManager.doCommit(HibernateTransactionManager.java:584)
	... 38 more
Caused by: java.sql.SQLIntegrityConstraintViolationException: ORA-00001: unique constraint (SOCIAL.SYS_C007113) violated

	at oracle.jdbc.driver.T4CTTIoer.processError(T4CTTIoer.java:440)
	at oracle.jdbc.driver.T4CTTIoer.processError(T4CTTIoer.java:396)
	at oracle.jdbc.driver.T4C8Oall.processError(T4C8Oall.java:837)
	at oracle.jdbc.driver.T4CTTIfun.receive(T4CTTIfun.java:445)
	at oracle.jdbc.driver.T4CTTIfun.doRPC(T4CTTIfun.java:191)
	at oracle.jdbc.driver.T4C8Oall.doOALL(T4C8Oall.java:523)
	at oracle.jdbc.driver.T4CPreparedStatement.doOall8(T4CPreparedStatement.java:207)
	at oracle.jdbc.driver.T4CPreparedStatement.executeForRows(T4CPreparedStatement.java:1010)
	at oracle.jdbc.driver.OracleStatement.doExecuteWithTimeout(OracleStatement.java:1315)
	at oracle.jdbc.driver.OraclePreparedStatement.executeInternal(OraclePreparedStatement.java:3576)
	at oracle.jdbc.driver.OraclePreparedStatement.executeUpdate(OraclePreparedStatement.java:3657)
	at oracle.jdbc.driver.OraclePreparedStatementWrapper.executeUpdate(OraclePreparedStatementWrapper.java:1350)
	at org.hibernate.engine.jdbc.internal.ResultSetReturnImpl.executeUpdate(ResultSetReturnImpl.java:208)
	... 51 more
</error>
    <system-out>done
Hibernate: insert into C_User (u_Password, u_confirmPassword, u_firstName, u_lastName, u_username) values (?, ?, ?, ?, ?)
</system-out>
    <system-err>Apr 03, 2018 11:17:40 PM org.springframework.context.annotation.AnnotationConfigApplicationContext prepareRefresh
INFO: Refreshing org.springframework.context.annotation.AnnotationConfigApplicationContext@771158fb: startup date [Tue Apr 03 23:17:40 IST 2018]; root of context hierarchy
Apr 03, 2018 11:17:40 PM org.springframework.beans.factory.annotation.AutowiredAnnotationBeanPostProcessor &lt;init&gt;
INFO: JSR-330 &apos;javax.inject.Inject&apos; annotation found and supported for autowiring
Apr 03, 2018 11:17:40 PM org.springframework.jdbc.datasource.DriverManagerDataSource setDriverClassName
INFO: Loaded JDBC driver: oracle.jdbc.driver.OracleDriver
Apr 03, 2018 11:17:40 PM org.hibernate.dialect.Dialect &lt;init&gt;
INFO: HHH000400: Using dialect: org.hibernate.dialect.Oracle10gDialect
Apr 03, 2018 11:17:40 PM org.hibernate.engine.transaction.internal.TransactionFactoryInitiator initiateService
INFO: HHH000399: Using default transaction strategy (direct JDBC transactions)
Apr 03, 2018 11:17:40 PM org.hibernate.hql.internal.ast.ASTQueryTranslatorFactory &lt;init&gt;
INFO: HHH000397: Using ASTQueryTranslatorFactory
Apr 03, 2018 11:17:40 PM org.hibernate.tool.hbm2ddl.SchemaUpdate execute
INFO: HHH000228: Running hbm2ddl schema update
Apr 03, 2018 11:17:40 PM org.hibernate.tool.hbm2ddl.SchemaUpdate execute
INFO: HHH000102: Fetching database metadata
Apr 03, 2018 11:17:40 PM org.hibernate.tool.hbm2ddl.SchemaUpdate execute
INFO: HHH000396: Updating schema
Apr 03, 2018 11:17:40 PM org.hibernate.tool.hbm2ddl.TableMetadata &lt;init&gt;
INFO: HHH000261: Table found: SOCIAL.BLOG
Apr 03, 2018 11:17:40 PM org.hibernate.tool.hbm2ddl.TableMetadata &lt;init&gt;
INFO: HHH000037: Columns: [blogname, blogcontent, loginname, createdate, blogid, likes]
Apr 03, 2018 11:17:40 PM org.hibernate.tool.hbm2ddl.TableMetadata &lt;init&gt;
INFO: HHH000108: Foreign keys: []
Apr 03, 2018 11:17:40 PM org.hibernate.tool.hbm2ddl.TableMetadata &lt;init&gt;
INFO: HHH000126: Indexes: [sys_c007118]
Apr 03, 2018 11:17:40 PM org.hibernate.tool.hbm2ddl.TableMetadata &lt;init&gt;
INFO: HHH000261: Table found: SOCIAL.C_USER
Apr 03, 2018 11:17:40 PM org.hibernate.tool.hbm2ddl.TableMetadata &lt;init&gt;
INFO: HHH000037: Columns: [u_firstname, u_password, u_confirmpassword, u_username, u_lastname]
Apr 03, 2018 11:17:40 PM org.hibernate.tool.hbm2ddl.TableMetadata &lt;init&gt;
INFO: HHH000108: Foreign keys: []
Apr 03, 2018 11:17:40 PM org.hibernate.tool.hbm2ddl.TableMetadata &lt;init&gt;
INFO: HHH000126: Indexes: [sys_c007113]
Apr 03, 2018 11:17:40 PM org.hibernate.tool.hbm2ddl.SchemaUpdate execute
INFO: HHH000232: Schema update complete
Apr 03, 2018 11:17:40 PM org.springframework.orm.hibernate4.HibernateTransactionManager afterPropertiesSet
INFO: Using DataSource [org.springframework.jdbc.datasource.DriverManagerDataSource@2c383e33] of Hibernate SessionFactory for HibernateTransactionManager
Apr 03, 2018 11:17:40 PM org.hibernate.engine.jdbc.spi.SqlExceptionHelper logExceptions
WARN: SQL Error: 1, SQLState: 23000
Apr 03, 2018 11:17:40 PM org.hibernate.engine.jdbc.spi.SqlExceptionHelper logExceptions
ERROR: ORA-00001: unique constraint (SOCIAL.SYS_C007113) violated

Apr 03, 2018 11:17:40 PM org.hibernate.engine.jdbc.batch.internal.AbstractBatchImpl release
INFO: HHH000010: On release of batch it still contained JDBC statements
</system-err>
  </testcase>
</testsuite>